음악 플레이 기능:
    재생 방식 정하는 기능 함!
    한 서버의 a 음성 체널에서 재생 명령어를 쓴후,
    b 음성 체널에서 재생 명령어를 쓰면 해당 채널로 갈아 타도록 했음
    116번 줄 voiceClient.play 가 입력받은 오디오 소스 객체를 해제해서
    생기는 문제 해결 (오디오 객체 재생성 해줘야 할듯) 했음
    스킵 기능 했음

    콜백함수 잘 호출되고 manager.disconnect 에러 없는데도
    딱 158 번줄의 VoiceCLient.disconnect() 실행이 걍 씹히는 문제 해결 
    노래 삭제 하는중
    플리 열람 기능
    플리상에서 다음 음악으로 잘 넘어 가는지 테스트

룰렛:
    gif 를 통해 회전하는 룰렛 이미지를 보여주고,
    항목 입력받을떄는 UI 클래스 활용


렌덥:
    범위중 일부를 음수로 지정했을때 생기는 에러 해결:
        Ignoring exception in command <nextcord.application_command.SlashApplicationCommand object at 0x000001D6776E6550>:
        Traceback (most recent call last):
        File "d:\.%작업폴더\coding_workspace\dico_bot\pie\pie_py\.venv\Lib\site-packages\nextcord\application_command.py", line 918, in invoke_callback_with_hooks
            await self(interaction, *args, **kwargs)
        File "D:\.%작업폴더\coding_workspace\dico_bot\pie\pie_py\commands\function\random.py", line 22, in random
            await interaction.send(randint(1, maxValue))
                                ^^^^^^^^^^^^^^^^^^^^
        File "C:\Program Files\Python311\Lib\random.py", line 362, in randint
            return self.randrange(a, b+1)
                ^^^^^^^^^^^^^^^^^^^^^^
        File "C:\Program Files\Python311\Lib\random.py", line 345, in randrange
            raise ValueError("empty range for randrange() (%d, %d, %d)" % (istart, istop, width))
        ValueError: empty range for randrange() (1, -9, -10)

        The above exception was the direct cause of the following exception:

        nextcord.errors.ApplicationInvokeError: Command raised an exception: ValueError: empty range for randrange() (1, -9, -10)

주식, 빝코
강화/도박봇 분석 + 구현

tts (오토?튠)